<?xml version="1.0" encoding="UTF-8"?>
<!-- Generated by org.testng.reporters.JUnitReportReporter -->
<testsuite hostname="UmeshPatil-PC" failures="0" tests="1" name="tc2" time="18.716" errors="0" timestamp="2023-04-03T13:35:09 IST" skipped="0">
  <testcase classname="tc2" name="loginTest" time="18.716"/>
  <system-out/>
</testsuite> <!-- tc2 -->
