<?xml version="1.0" encoding="UTF-8"?>
<!-- Generated by org.testng.reporters.JUnitReportReporter -->
<testsuite hostname="UmeshPatil-PC" failures="0" tests="1" name="Facebook.LAUNCHapplication" time="18.746" errors="0" timestamp="2023-05-04T12:29:08 IST" skipped="0">
  <testcase classname="Facebook.LAUNCHapplication" name="appLaunchWithUrlTest" time="18.746"/>
  <system-out/>
</testsuite> <!-- Facebook.LAUNCHapplication -->
